<?xml version="1.0" encoding="UTF-8"?>
<!-- Generated by org.testng.reporters.JUnitReportReporter -->
<testsuite hostname="Tanfeez" failures="0" tests="1" name="TicTacToe_Test.TestClass" time="12.688" errors="0" timestamp="2024-10-06T13:05:33 IST" skipped="0">
  <testcase classname="TicTacToe_Test.TestClass" name="switchapp" time="12.688"/>
</testsuite> <!-- TicTacToe_Test.TestClass -->
